<?xml version="1.0" encoding="UTF-8"?>
<!-- Generated by org.testng.reporters.JUnitReportReporter -->
<testsuite hostname="DESKTOP-6Q8DMEP" failures="0" tests="3" name="com.Amazokort.electronicsproducttest.Electronicproducttest" time="0.039" errors="0" timestamp="2024-08-05T12:07:24 IST" skipped="0">
  <testcase classname="com.Amazokort.electronicsproducttest.Electronicproducttest" name="updateproduct" time="0.003">
    <system-out>
      <![CDATA[updateproduct--Electronic prd successfully]]>
    </system-out>
  </testcase> <!-- updateproduct -->
  <testcase classname="com.Amazokort.electronicsproducttest.Electronicproducttest" name="addproduct" time="0.033">
    <system-out>
      <![CDATA[addproduct--Electronic prd successfully]]>
    </system-out>
  </testcase> <!-- addproduct -->
  <testcase classname="com.Amazokort.electronicsproducttest.Electronicproducttest" name="deleteproduct" time="0.003">
    <system-out>
      <![CDATA[deleteproduct--Electronic prd successfully]]>
    </system-out>
  </testcase> <!-- deleteproduct -->
  <system-out>
    <![CDATA[addproduct--Electronic prd successfully
deleteproduct--Electronic prd successfully
updateproduct--Electronic prd successfully]]>
  </system-out>
</testsuite> <!-- com.Amazokort.electronicsproducttest.Electronicproducttest -->
