<?xml version="1.0" encoding="UTF-8"?>
<!-- Generated by org.testng.reporters.JUnitReportReporter -->
<testsuite hostname="DESKTOP-6Q8DMEP" failures="0" tests="4" name="com.Amazokart.logintest.LoginTest" time="0.028" errors="0" timestamp="2024-08-09T10:54:19 IST" skipped="0">
  <testcase classname="com.Amazokart.logintest.LoginTest" name="login_validData" time="0.006">
    <system-out>
      <![CDATA[login_validData for login  Test]]>
    </system-out>
  </testcase> <!-- login_validData -->
  <testcase classname="com.Amazokart.logintest.LoginTest" name="login_validData" time="0.002">
    <system-out>
      <![CDATA[login_validData for login  Test]]>
    </system-out>
  </testcase> <!-- login_validData -->
  <testcase classname="com.Amazokart.logintest.LoginTest" name="login_validData" time="0.006">
    <system-out>
      <![CDATA[login_validData for login  Test]]>
    </system-out>
  </testcase> <!-- login_validData -->
  <testcase classname="com.Amazokart.logintest.LoginTest" name="login_invalidData" time="0.014">
    <system-out>
      <![CDATA[login_invalidData for login Test]]>
    </system-out>
  </testcase> <!-- login_invalidData -->
  <system-out>
    <![CDATA[getsuite connection successfully
precondition successfully
BrowserSetup Sucessful
login successfully
login_invalidData for login Test
logout successfully
login successfully
login_validData for login  Test
logout successfully
login successfully
login_validData for login  Test
logout successfully
login successfully
login_validData for login  Test
logout successfully
closebrowser successfully
postcondition successfully
terminate suite connection successfully]]>
  </system-out>
</testsuite> <!-- com.Amazokart.logintest.LoginTest -->
